  Dialog.c
d:\полина\Курсач 5 семестр\курсач 3 семестра\Win1\Dialog.c(30,10): warning C4047: функция: "HMENU" отличается по уровням косвенного обращения от "int"
d:\полина\Курсач 5 семестр\курсач 3 семестра\Win1\Dialog.c(30,10): warning C4024: CreateWindowExA: различные типы для формального и фактического параметров 10
  Source.c
d:\полина\Курсач 5 семестр\курсач 3 семестра\Win1\Source.c(62,20): warning C4018: <: несоответствие типов со знаком и без знака
d:\полина\Курсач 5 семестр\курсач 3 семестра\Win1\Source.c(333,13): warning C4129: |: неизвестная escape-последовательность
d:\полина\Курсач 5 семестр\курсач 3 семестра\Win1\Source.c(353,10): warning C4098: WinShow: функция типа "void", возвращающая значение
d:\полина\Курсач 5 семестр\курсач 3 семестра\Win1\Source.c(360,49): warning C4047: функция: "WPARAM" отличается по уровням косвенного обращения от "void *"
d:\полина\Курсач 5 семестр\курсач 3 семестра\Win1\Source.c(360,45): warning C4024: SendMessageA: различные типы для формального и фактического параметров 3
d:\полина\Курсач 5 семестр\курсач 3 семестра\Win1\Source.c(360,55): warning C4047: функция: "LPARAM" отличается по уровням косвенного обращения от "void *"
d:\полина\Курсач 5 семестр\курсач 3 семестра\Win1\Source.c(360,51): warning C4024: SendMessageA: различные типы для формального и фактического параметров 4
d:\полина\Курсач 5 семестр\курсач 3 семестра\Win1\Source.c(363,65): warning C4047: функция: "LPARAM" отличается по уровням косвенного обращения от "void *"
d:\полина\Курсач 5 семестр\курсач 3 семестра\Win1\Source.c(363,61): warning C4024: SendMessageA: различные типы для формального и фактического параметров 4
d:\полина\Курсач 5 семестр\курсач 3 семестра\Win1\Source.c(365,52): warning C4047: функция: "LPARAM" отличается по уровням косвенного обращения от "char *"
d:\полина\Курсач 5 семестр\курсач 3 семестра\Win1\Source.c(365,48): warning C4024: SendMessageA: различные типы для формального и фактического параметров 4
d:\полина\Курсач 5 семестр\курсач 3 семестра\Win1\Source.c(369,36): warning C4047: !=: "int" отличается по уровням косвенного обращения от "char [2]"
d:\полина\Курсач 5 семестр\курсач 3 семестра\Win1\Source.c(396,11): warning C4101: res: неиспользованная локальная переменная
d:\полина\Курсач 5 семестр\курсач 3 семестра\Win1\Source.c(462,22): warning C4090: =: разные квалификаторы "const"
d:\полина\Курсач 5 семестр\курсач 3 семестра\Win1\Source.c(542,72): warning C4047: функция: "LPARAM" отличается по уровням косвенного обращения от "void *"
d:\полина\Курсач 5 семестр\курсач 3 семестра\Win1\Source.c(542,68): warning C4024: SendMessageA: различные типы для формального и фактического параметров 4
d:\полина\Курсач 5 семестр\курсач 3 семестра\Win1\Source.c(544,59): warning C4047: функция: "LPARAM" отличается по уровням косвенного обращения от "char *"
d:\полина\Курсач 5 семестр\курсач 3 семестра\Win1\Source.c(544,55): warning C4024: SendMessageA: различные типы для формального и фактического параметров 4
d:\полина\Курсач 5 семестр\курсач 3 семестра\Win1\Source.c(546,24): warning C4090: функция: разные квалификаторы "const"
d:\полина\Курсач 5 семестр\курсач 3 семестра\Win1\Source.c(575,71): warning C4047: функция: "LPARAM" отличается по уровням косвенного обращения от "void *"
d:\полина\Курсач 5 семестр\курсач 3 семестра\Win1\Source.c(575,67): warning C4024: SendMessageA: различные типы для формального и фактического параметров 4
d:\полина\Курсач 5 семестр\курсач 3 семестра\Win1\Source.c(577,58): warning C4047: функция: "LPARAM" отличается по уровням косвенного обращения от "char *"
d:\полина\Курсач 5 семестр\курсач 3 семестра\Win1\Source.c(577,54): warning C4024: SendMessageA: различные типы для формального и фактического параметров 4
d:\полина\Курсач 5 семестр\курсач 3 семестра\Win1\Source.c(594,56): warning C4047: функция: "WPARAM" отличается по уровням косвенного обращения от "void *"
d:\полина\Курсач 5 семестр\курсач 3 семестра\Win1\Source.c(594,52): warning C4024: SendMessageA: различные типы для формального и фактического параметров 3
d:\полина\Курсач 5 семестр\курсач 3 семестра\Win1\Source.c(594,62): warning C4047: функция: "LPARAM" отличается по уровням косвенного обращения от "void *"
d:\полина\Курсач 5 семестр\курсач 3 семестра\Win1\Source.c(594,58): warning C4024: SendMessageA: различные типы для формального и фактического параметров 4
d:\полина\Курсач 5 семестр\курсач 3 семестра\Win1\Source.c(599,65): warning C4047: функция: "LPARAM" отличается по уровням косвенного обращения от "char *"
d:\полина\Курсач 5 семестр\курсач 3 семестра\Win1\Source.c(599,61): warning C4024: SendMessageA: различные типы для формального и фактического параметров 4
d:\полина\Курсач 5 семестр\курсач 3 семестра\Win1\Source.c(613,76): warning C4047: функция: "LPARAM" отличается по уровням косвенного обращения от "void *"
d:\полина\Курсач 5 семестр\курсач 3 семестра\Win1\Source.c(613,72): warning C4024: SendMessageA: различные типы для формального и фактического параметров 4
d:\полина\Курсач 5 семестр\курсач 3 семестра\Win1\Source.c(615,62): warning C4047: функция: "LPARAM" отличается по уровням косвенного обращения от "char *"
d:\полина\Курсач 5 семестр\курсач 3 семестра\Win1\Source.c(615,59): warning C4024: SendMessageA: различные типы для формального и фактического параметров 4
d:\полина\Курсач 5 семестр\курсач 3 семестра\Win1\Source.c(621,30): warning C4090: функция: разные квалификаторы "const"
d:\полина\Курсач 5 семестр\курсач 3 семестра\Win1\Source.c(650,72): warning C4047: функция: "LPARAM" отличается по уровням косвенного обращения от "void *"
d:\полина\Курсач 5 семестр\курсач 3 семестра\Win1\Source.c(650,68): warning C4024: SendMessageA: различные типы для формального и фактического параметров 4
d:\полина\Курсач 5 семестр\курсач 3 семестра\Win1\Source.c(652,60): warning C4047: функция: "LPARAM" отличается по уровням косвенного обращения от "char *"
d:\полина\Курсач 5 семестр\курсач 3 семестра\Win1\Source.c(652,56): warning C4024: SendMessageA: различные типы для формального и фактического параметров 4
d:\полина\Курсач 5 семестр\курсач 3 семестра\Win1\Source.c(655,27): warning C4090: =: разные квалификаторы "const"
d:\полина\Курсач 5 семестр\курсач 3 семестра\Win1\Source.c(744,60): warning C4047: функция: "LPARAM" отличается по уровням косвенного обращения от "char *"
d:\полина\Курсач 5 семестр\курсач 3 семестра\Win1\Source.c(744,56): warning C4024: SendMessageA: различные типы для формального и фактического параметров 4
d:\полина\Курсач 5 семестр\курсач 3 семестра\Win1\Source.c(790,25): warning C4018: <: несоответствие типов со знаком и без знака
d:\полина\Курсач 5 семестр\курсач 3 семестра\Win1\Source.c(1142,13): warning C4047: функция: "HMENU" отличается по уровням косвенного обращения от "int"
d:\полина\Курсач 5 семестр\курсач 3 семестра\Win1\Source.c(1142,13): warning C4024: CreateWindowExA: различные типы для формального и фактического параметров 10
  Создание кода...
d:\полина\Курсач 5 семестр\курсач 3 семестра\Win1\Source.c(1125): warning C4715: WindProc: значение возвращается не при всех путях выполнения
d:\полина\Курсач 5 семестр\курсач 3 семестра\Win1\Dialog.c(14): warning C4715: WindProc1: значение возвращается не при всех путях выполнения
  Win1.vcxproj -> D:\полина\Курсач 5 семестр\курсач 3 семестра\Debug\Win1.exe
